SF:lib/app/core/theme/input_decoration_theme.dart
DA:8,12
DA:9,8
DA:15,4
DA:16,4
DA:17,4
LF:5
LH:5
end_of_record
SF:lib/app/core/theme/theme.dart
DA:7,9
DA:10,3
LF:2
LH:2
end_of_record
SF:lib/app/app.dart
DA:11,2
DA:13,2
DA:15,2
DA:16,2
DA:17,2
DA:18,6
DA:21,2
DA:24,2
DA:27,2
LF:9
LH:9
end_of_record
SF:lib/app/core/routes/routes_builder.dart
DA:6,6
DA:7,0
DA:8,0
LF:3
LH:1
end_of_record
SF:lib/app/presentation/cubits/nasa_images/nasa_images_cubit.dart
DA:7,9
DA:9,3
DA:10,6
DA:11,6
DA:12,3
DA:13,3
DA:14,9
DA:15,2
LF:8
LH:8
end_of_record
SF:lib/app/presentation/screens/home_screen.dart
DA:15,37
DA:17,3
DA:18,3
DA:31,3
DA:32,9
DA:35,0
DA:36,0
DA:37,0
DA:38,0
DA:40,0
DA:42,0
DA:43,0
DA:44,0
DA:45,0
DA:47,0
DA:50,0
DA:51,0
DA:55,0
DA:56,0
DA:57,0
DA:59,0
DA:60,0
DA:61,0
DA:62,0
DA:69,3
DA:71,3
DA:72,3
DA:75,3
DA:77,6
DA:78,3
DA:81,3
DA:83,3
DA:84,3
DA:86,3
DA:88,3
DA:89,3
DA:91,3
DA:95,3
DA:96,0
DA:98,3
DA:99,3
DA:100,2
DA:101,2
DA:102,0
DA:103,0
DA:106,3
DA:107,3
DA:108,1
DA:109,1
DA:110,1
DA:111,1
DA:113,2
DA:114,3
DA:115,5
DA:118,0
DA:123,0
DA:124,0
DA:125,0
DA:127,0
DA:128,0
DA:129,0
DA:130,0
DA:131,0
DA:138,0
DA:139,0
DA:140,0
DA:142,0
DA:144,0
DA:145,0
DA:151,0
DA:152,0
DA:153,0
DA:154,0
DA:155,0
DA:165,2
DA:166,0
DA:167,2
LF:77
LH:34
end_of_record
SF:lib/app/core/utilities/injectors/dependency_injector.dart
DA:11,6
DA:13,0
DA:14,0
DA:17,2
DA:18,4
DA:21,2
DA:23,10
DA:24,10
DA:25,10
DA:26,10
DA:28,6
LF:11
LH:9
end_of_record
SF:lib/app/presentation/screens/detail_screen.dart
DA:11,18
DA:13,0
DA:14,0
DA:18,0
DA:20,0
DA:22,0
DA:23,0
DA:24,0
DA:26,0
DA:27,0
DA:28,0
DA:29,0
DA:30,0
DA:31,0
DA:32,0
DA:34,0
DA:38,0
DA:39,0
DA:40,0
DA:41,0
DA:55,0
DA:60,0
DA:62,0
DA:63,0
DA:64,0
DA:65,0
DA:71,0
DA:72,0
DA:73,0
DA:76,0
DA:77,0
DA:78,0
LF:32
LH:1
end_of_record
SF:lib/app/core/utilities/ui_helpers.dart
DA:5,4
DA:6,4
DA:7,4
DA:11,4
LF:4
LH:4
end_of_record
SF:lib/app/core/utilities/constants.dart
DA:6,6
DA:7,3
LF:2
LH:2
end_of_record
SF:lib/app/core/utilities/date_format.dart
DA:4,0
DA:5,0
DA:6,0
LF:3
LH:0
end_of_record
SF:lib/app/core/utilities/errors/exceptions.dart
DA:9,4
DA:10,0
DA:11,0
DA:16,1
DA:17,0
DA:18,0
LF:6
LH:2
end_of_record
SF:lib/app/core/utilities/errors/failure.dart
DA:5,6
DA:6,1
DA:7,2
LF:3
LH:3
end_of_record
SF:lib/app/data/datasources/datasource_impl.dart
DA:16,3
DA:18,3
DA:21,6
DA:22,6
DA:23,3
DA:29,6
DA:30,2
DA:31,0
DA:32,0
DA:35,2
DA:36,1
DA:37,1
DA:40,3
DA:41,3
DA:42,3
DA:43,2
DA:44,3
DA:45,2
DA:47,6
LF:19
LH:17
end_of_record
SF:lib/app/data/repositories/repository_impl.dart
DA:15,3
DA:17,3
DA:20,6
DA:21,5
DA:22,3
DA:23,6
DA:24,1
DA:25,2
DA:26,1
DA:27,2
DA:29,3
LF:11
LH:11
end_of_record
SF:lib/app/domain/usecases/images_usecase.dart
DA:9,3
DA:11,3
DA:12,6
DA:13,3
DA:14,6
DA:15,2
LF:6
LH:6
end_of_record
SF:lib/app/core/utilities/sizing.dart
DA:4,0
DA:5,0
DA:8,0
DA:9,0
LF:4
LH:0
end_of_record
SF:lib/app/data/models/image_model.dart
DA:7,4
DA:14,2
DA:15,2
DA:16,2
DA:17,2
DA:18,2
DA:19,2
DA:23,2
DA:24,2
DA:25,2
DA:26,2
DA:27,2
DA:28,2
DA:32,1
DA:33,5
LF:15
LH:15
end_of_record
SF:lib/app/domain/entities/image_entity.dart
DA:6,6
DA:13,2
DA:14,10
LF:3
LH:3
end_of_record
SF:lib/app/presentation/cubits/nasa_images/nasa_images_states.dart
DA:5,5
DA:6,1
DA:7,1
DA:16,2
DA:18,1
DA:19,2
DA:24,4
DA:26,1
DA:27,2
LF:9
LH:9
end_of_record
SF:lib/app/presentation/widgets/photo_card.dart
DA:10,1
DA:18,1
DA:20,1
DA:22,1
DA:23,1
DA:24,1
DA:26,1
DA:27,1
DA:28,1
DA:29,1
DA:30,1
DA:31,1
DA:32,1
DA:41,1
DA:42,1
DA:43,1
DA:46,1
DA:47,1
DA:48,2
LF:19
LH:19
end_of_record
SF:lib/app/presentation/widgets/search_field.dart
DA:6,4
DA:10,4
DA:12,4
DA:14,4
DA:15,4
DA:19,4
LF:6
LH:6
end_of_record
