SF:lib/app/core/utilities/dependency_injector.dart
DA:13,12
DA:15,0
DA:16,0
DA:19,4
DA:20,8
DA:23,4
DA:25,28
DA:26,12
DA:27,20
DA:28,28
DA:29,20
DA:32,20
DA:34,12
DA:36,12
LF:14
LH:12
end_of_record
SF:lib/app/data/datasources/local_datasource.dart
DA:13,5
DA:15,1
DA:17,2
DA:18,2
DA:19,1
DA:20,2
DA:21,2
DA:23,2
DA:24,1
DA:27,1
DA:29,2
DA:30,2
DA:31,2
DA:32,2
DA:33,2
DA:34,1
LF:16
LH:16
end_of_record
SF:lib/app/data/datasources/remote_datasource.dart
DA:19,5
DA:21,1
DA:24,2
DA:25,2
DA:26,1
DA:32,2
DA:33,2
DA:34,0
DA:35,0
DA:38,2
DA:39,1
DA:40,1
DA:43,1
DA:44,3
DA:45,1
DA:46,2
DA:47,1
DA:48,2
DA:50,2
LF:19
LH:17
end_of_record
SF:lib/app/domain/usecases/images_usecase.dart
DA:9,5
DA:11,1
DA:12,2
DA:13,1
DA:14,2
DA:15,2
DA:19,1
DA:20,2
DA:23,1
DA:24,2
LF:10
LH:10
end_of_record
SF:lib/app/presentation/cubits/images_cubit.dart
DA:12,15
DA:14,4
DA:15,8
DA:17,8
DA:18,1
DA:21,2
DA:22,2
DA:23,1
DA:24,1
DA:25,3
DA:26,1
DA:27,2
DA:28,1
DA:33,2
DA:34,2
DA:35,2
DA:38,0
LF:17
LH:16
end_of_record
SF:lib/app/core/utilities/constants.dart
DA:7,4
DA:8,2
LF:2
LH:2
end_of_record
SF:lib/app/data/repositories/repository_impl.dart
DA:18,5
DA:23,1
DA:26,2
DA:27,5
DA:28,1
DA:29,2
DA:30,1
DA:31,2
DA:32,1
DA:33,2
DA:35,3
DA:39,1
DA:41,2
DA:44,1
DA:46,2
LF:15
LH:15
end_of_record
SF:lib/app/core/utilities/errors/exceptions.dart
DA:9,3
DA:10,1
DA:11,2
DA:16,2
DA:17,1
DA:18,2
LF:6
LH:6
end_of_record
SF:lib/app/core/utilities/errors/failure.dart
DA:5,5
DA:6,2
DA:7,4
LF:3
LH:3
end_of_record
SF:lib/app/domain/entities/image_entity.dart
DA:6,13
DA:13,3
DA:14,15
LF:3
LH:3
end_of_record
SF:lib/app/data/models/image_model.dart
DA:7,3
DA:14,2
DA:15,2
DA:16,2
DA:17,2
DA:18,2
DA:19,2
DA:23,2
DA:24,2
DA:25,2
DA:26,2
DA:27,2
DA:28,2
DA:32,1
DA:33,5
LF:15
LH:15
end_of_record
SF:lib/app/presentation/cubits/images_states.dart
DA:5,6
DA:6,1
DA:7,1
DA:16,2
DA:18,1
DA:19,2
DA:24,2
DA:26,1
DA:27,2
LF:9
LH:9
end_of_record
SF:lib/app/core/utilities/helpers.dart
DA:4,6
DA:5,6
DA:6,12
LF:3
LH:3
end_of_record
SF:lib/app/core/theme/text_theme.dart
DA:4,27
DA:5,9
DA:6,9
DA:9,9
DA:10,9
DA:13,9
DA:14,9
DA:17,9
DA:18,9
DA:21,9
DA:22,9
LF:11
LH:11
end_of_record
SF:lib/app/core/utilities/sizing.dart
DA:12,45
DA:14,36
DA:16,36
DA:18,36
DA:20,36
DA:22,36
LF:6
LH:6
end_of_record
SF:lib/app/core/utilities/ui_helpers.dart
DA:17,2
DA:18,2
DA:19,2
DA:23,4
DA:28,4
DA:29,4
DA:30,4
DA:31,8
DA:32,4
DA:33,0
DA:42,3
DA:43,3
DA:45,3
DA:48,3
DA:49,3
DA:52,3
DA:54,9
DA:62,5
DA:63,5
DA:80,5
DA:81,5
DA:82,5
DA:83,5
DA:85,5
DA:87,10
DA:90,5
DA:97,0
DA:98,0
DA:99,0
DA:100,0
DA:101,0
DA:103,0
DA:104,0
DA:105,0
DA:108,0
DA:111,0
DA:120,4
DA:121,4
DA:122,4
DA:123,4
LF:40
LH:29
end_of_record
SF:lib/app/presentation/widgets/image_card.dart
DA:12,5
DA:20,5
DA:22,5
DA:25,5
DA:26,5
DA:27,5
DA:29,5
DA:30,5
DA:31,0
DA:32,20
DA:34,5
DA:35,5
DA:37,5
DA:38,0
DA:39,0
DA:40,15
DA:43,5
DA:44,5
DA:45,5
DA:46,0
DA:47,15
LF:21
LH:17
end_of_record
SF:lib/app/core/routes/routes_builder.dart
DA:6,9
DA:7,0
DA:8,0
LF:3
LH:1
end_of_record
SF:lib/app/presentation/screens/detail_screen.dart
DA:12,10
DA:14,1
DA:15,1
DA:19,1
DA:22,3
DA:24,1
DA:25,1
DA:27,1
DA:29,1
DA:30,1
DA:31,1
DA:32,1
DA:33,1
DA:34,1
DA:35,1
DA:37,1
DA:41,1
DA:42,1
DA:43,0
DA:44,1
DA:58,1
DA:63,1
DA:65,1
DA:66,1
DA:67,1
DA:68,2
DA:71,1
DA:72,2
DA:73,3
DA:79,1
DA:80,1
DA:81,3
DA:86,1
DA:88,0
LF:34
LH:32
end_of_record
SF:lib/app/presentation/screens/home_screen.dart
DA:17,12
DA:19,3
DA:20,3
DA:32,3
DA:35,6
DA:36,9
DA:37,15
DA:38,0
DA:40,3
DA:41,3
DA:43,3
DA:44,3
DA:45,3
DA:46,0
DA:47,0
DA:48,0
DA:49,0
DA:52,3
DA:53,3
DA:54,0
DA:55,0
DA:56,0
DA:58,0
DA:59,0
DA:60,0
DA:62,0
DA:63,0
DA:64,0
DA:65,0
DA:67,0
DA:68,0
DA:72,0
DA:74,0
DA:75,0
DA:76,0
DA:77,0
DA:79,0
DA:80,0
DA:86,3
DA:87,0
DA:88,3
DA:89,3
DA:91,0
DA:101,3
DA:102,9
DA:106,0
DA:107,0
DA:108,0
DA:109,0
DA:111,0
DA:113,0
DA:114,0
DA:115,0
DA:116,0
DA:118,0
DA:121,0
DA:125,0
DA:126,0
DA:127,0
DA:129,0
DA:130,0
DA:131,0
DA:132,0
DA:139,3
DA:141,3
DA:142,3
DA:145,3
DA:147,6
DA:148,3
LF:69
LH:25
end_of_record
SF:lib/app/presentation/widgets/custom_app_bar.dart
DA:9,4
DA:14,4
DA:16,4
DA:20,4
DA:22,4
DA:24,4
DA:25,4
DA:26,4
DA:28,12
DA:33,12
DA:34,4
DA:35,8
DA:39,4
LF:13
LH:13
end_of_record
SF:lib/app/presentation/widgets/images_list_view.dart
DA:10,2
DA:19,2
DA:21,2
DA:23,2
DA:25,2
DA:26,4
DA:27,4
DA:28,2
DA:30,0
DA:31,0
DA:32,0
DA:34,0
DA:37,0
LF:13
LH:8
end_of_record
SF:lib/app/presentation/widgets/images_grid_view.dart
DA:8,2
DA:17,2
DA:19,2
DA:28,2
DA:30,2
DA:31,4
DA:32,4
DA:33,2
DA:35,0
DA:36,0
DA:37,0
DA:39,0
LF:12
LH:8
end_of_record
SF:lib/app/app.dart
DA:12,2
DA:14,2
DA:16,2
DA:17,2
DA:18,2
DA:19,6
DA:22,2
DA:26,2
DA:27,2
DA:28,2
DA:31,2
DA:34,2
LF:12
LH:12
end_of_record
SF:lib/app/core/theme/theme.dart
DA:7,6
DA:9,2
DA:10,2
LF:3
LH:3
end_of_record
SF:lib/app/core/theme/input_decoration_theme.dart
DA:11,6
DA:12,2
DA:13,0
DA:14,6
DA:15,2
DA:18,2
DA:19,2
DA:20,2
LF:8
LH:7
end_of_record
